2025-12-10T16:01:50.1363073-04:00
System.IO.IOException: Unable to write data to the transport connection: An established connection was aborted by the software in your host machine..
 ---> System.Net.Sockets.SocketException (10053): An established connection was aborted by the software in your host machine.
   at System.Net.Sockets.Socket.AwaitableSocketAsyncEventArgs.CreateException(SocketError error, Boolean forAsyncThrow)
   at System.Net.Sockets.Socket.AwaitableSocketAsyncEventArgs.SendAsyncForNetworkStream(Socket socket, CancellationToken cancellationToken)
   at System.Net.Sockets.Socket.SendAsyncForNetworkStream(ReadOnlyMemory`1 buffer, SocketFlags socketFlags, CancellationToken cancellationToken)
   at System.Net.Sockets.NetworkStream.WriteAsync(Byte[] buffer, Int32 offset, Int32 count, CancellationToken cancellationToken)
   at System.IO.Stream.WriteAsync(Byte[] buffer, Int32 offset, Int32 count)
   at Shared.Http.SimpleHttpListenerResponse.WriteAsync(Byte[] content) in C:\Users\andre\Downloads\SIMPLEMDB1\SharedLibrary\src\Shared\Http\SimpleHttpListenerResponse.cs:line 33
   at System.Runtime.CompilerServices.AsyncMethodBuilderCore.Start[TStateMachine](TStateMachine& stateMachine)
   at Shared.Http.SimpleHttpListenerResponse.WriteAsync(Byte[] content)
   at Shared.Http.SimpleHttpListenerResponse.WriteAsync(String content) in C:\Users\andre\Downloads\SIMPLEMDB1\SharedLibrary\src\Shared\Http\SimpleHttpListenerResponse.cs:line 23
   at System.Runtime.CompilerServices.AsyncMethodBuilderCore.Start[TStateMachine](TStateMachine& stateMachine)
   at Shared.Http.SimpleHttpListenerResponse.WriteAsync(String content)
   at Smdb.Csr.App.ProxyToApiServer(IHttpRequest req, IHttpResponse res, Hashtable props) in C:\Users\andre\Downloads\SIMPLEMDB1\src\Smdb.Csr\App.cs:line 114
   at System.Threading.ExecutionContext.RunInternal(ExecutionContext executionContext, ContextCallback callback, Object state)
   at System.Runtime.CompilerServices.AsyncTaskMethodBuilder`1.AsyncStateMachineBox`1.MoveNext(Thread threadPoolThread)
   at System.Threading.Tasks.AwaitTaskContinuation.RunOrScheduleAction(IAsyncStateMachineBox box, Boolean allowInlining)
   at System.Threading.Tasks.Task.RunContinuations(Object continuationObject)
   at System.Threading.Tasks.Task.TrySetCanceled(CancellationToken tokenToRecord, Object cancellationException)
   at System.Runtime.CompilerServices.AsyncTaskMethodBuilder`1.SetException(Exception exception, Task`1& taskField)
   at System.Net.Http.HttpClient.<SendAsync>g__Core|83_0(HttpRequestMessage request, HttpCompletionOption completionOption, CancellationTokenSource cts, Boolean disposeCts, CancellationTokenSource pendingRequestsCts, CancellationToken originalCancellationToken)
   at System.Runtime.CompilerServices.AsyncTaskMethodBuilder`1.AsyncStateMachineBox`1.ExecutionContextCallback(Object s)
   at System.Threading.ExecutionContext.RunInternal(ExecutionContext executionContext, ContextCallback callback, Object state)
   at System.Runtime.CompilerServices.AsyncTaskMethodBuilder`1.AsyncStateMachineBox`1.MoveNext(Thread threadPoolThread)
   at System.Runtime.CompilerServices.AsyncTaskMethodBuilder`1.AsyncStateMachineBox`1.MoveNext()
   at System.Threading.Tasks.AwaitTaskContinuation.RunOrScheduleAction(IAsyncStateMachineBox box, Boolean allowInlining)
   at System.Threading.Tasks.Task.RunContinuations(Object continuationObject)
   at System.Threading.Tasks.Task.TrySetCanceled(CancellationToken tokenToRecord, Object cancellationException)
   at System.Runtime.CompilerServices.AsyncTaskMethodBuilder`1.SetException(Exception exception, Task`1& taskField)
   at System.Net.Http.RedirectHandler.SendAsync(HttpRequestMessage request, Boolean async, CancellationToken cancellationToken)
   at System.Runtime.CompilerServices.AsyncTaskMethodBuilder`1.AsyncStateMachineBox`1.ExecutionContextCallback(Object s)
   at System.Threading.ExecutionContext.RunInternal(ExecutionContext executionContext, ContextCallback callback, Object state)
   at System.Runtime.CompilerServices.AsyncTaskMethodBuilder`1.AsyncStateMachineBox`1.MoveNext(Thread threadPoolThread)
   at System.Runtime.CompilerServices.AsyncTaskMethodBuilder`1.AsyncStateMachineBox`1.MoveNext()
   at System.Threading.Tasks.AwaitTaskContinuation.RunOrScheduleAction(IAsyncStateMachineBox box, Boolean allowInlining)
   at System.Threading.Tasks.Task.RunContinuations(Object continuationObject)
   at System.Threading.Tasks.Task.TrySetCanceled(CancellationToken tokenToRecord, Object cancellationException)
   at System.Runtime.CompilerServices.AsyncTaskMethodBuilder`1.SetException(Exception exception, Task`1& taskField)
   at System.Net.Http.HttpConnectionPool.SendWithVersionDetectionAndRetryAsync(HttpRequestMessage request, Boolean async, Boolean doRequestAuth, CancellationToken cancellationToken)
   at System.Runtime.CompilerServices.AsyncTaskMethodBuilder`1.AsyncStateMachineBox`1.ExecutionContextCallback(Object s)
   at System.Threading.ExecutionContext.RunInternal(ExecutionContext executionContext, ContextCallback callback, Object state)
   at System.Runtime.CompilerServices.AsyncTaskMethodBuilder`1.AsyncStateMachineBox`1.MoveNext(Thread threadPoolThread)
   at System.Runtime.CompilerServices.AsyncTaskMethodBuilder`1.AsyncStateMachineBox`1.MoveNext()
   at System.Threading.Tasks.AwaitTaskContinuation.RunOrScheduleAction(IAsyncStateMachineBox box, Boolean allowInlining)
   at System.Threading.Tasks.Task.RunContinuations(Object continuationObject)
   at System.Threading.Tasks.Task.TrySetCanceled(CancellationToken tokenToRecord, Object cancellationException)
   at System.Runtime.CompilerServices.AsyncTaskMethodBuilder`1.SetException(Exception exception, Task`1& taskField)
   at System.Net.Http.HttpConnection.SendAsync(HttpRequestMessage request, Boolean async, CancellationToken cancellationToken)
   at System.Runtime.CompilerServices.AsyncTaskMethodBuilder`1.AsyncStateMachineBox`1.ExecutionContextCallback(Object s)
   at System.Threading.ExecutionContext.RunInternal(ExecutionContext executionContext, ContextCallback callback, Object state)
   at System.Runtime.CompilerServices.AsyncTaskMethodBuilder`1.AsyncStateMachineBox`1.MoveNext(Thread threadPoolThread)
   at System.Runtime.CompilerServices.AsyncTaskMethodBuilder`1.AsyncStateMachineBox`1.MoveNext()
   at System.Threading.Tasks.AwaitTaskContinuation.RunOrScheduleAction(IAsyncStateMachineBox box, Boolean allowInlining)
   at System.Threading.Tasks.Task.RunContinuations(Object continuationObject)
   at System.Threading.Tasks.Task.FinishSlow(Boolean userDelegateExecute)
   at System.Threading.Tasks.Task.TrySetException(Object exceptionObject)
   at System.Runtime.CompilerServices.AsyncTaskMethodBuilder`1.SetException(Exception exception, Task`1& taskField)
   at System.Net.Http.HttpConnection.InitialFillAsync(Boolean async)
   at System.Runtime.CompilerServices.AsyncTaskMethodBuilder`1.AsyncStateMachineBox`1.ExecutionContextCallback(Object s)
   at System.Threading.ExecutionContext.RunInternal(ExecutionContext executionContext, ContextCallback callback, Object state)
   at System.Runtime.CompilerServices.AsyncTaskMethodBuilder`1.AsyncStateMachineBox`1.MoveNext(Thread threadPoolThread)
   at System.Runtime.CompilerServices.AsyncTaskMethodBuilder`1.AsyncStateMachineBox`1.MoveNext()
   at System.Net.Sockets.SocketAsyncEventArgs.<>c.<.cctor>b__173_0(UInt32 errorCode, UInt32 numBytes, NativeOverlapped* nativeOverlapped)
   at System.Threading.PortableThreadPool.IOCompletionPoller.Callback.Invoke(Event e)
   at System.Threading.ThreadPoolTypedWorkItemQueue`2.System.Threading.IThreadPoolWorkItem.Execute()
   at System.Threading.ThreadPoolWorkQueue.Dispatch()
   at System.Threading.PortableThreadPool.WorkerThread.WorkerThreadStart()
--- End of stack trace from previous location ---

   --- End of inner exception stack trace ---
   at Shared.Http.SimpleHttpListenerResponse.WriteAsync(Byte[] content) in C:\Users\andre\Downloads\SIMPLEMDB1\SharedLibrary\src\Shared\Http\SimpleHttpListenerResponse.cs:line 33
   at Shared.Http.SimpleHttpListenerResponse.WriteAsync(String content) in C:\Users\andre\Downloads\SIMPLEMDB1\SharedLibrary\src\Shared\Http\SimpleHttpListenerResponse.cs:line 23
   at Smdb.Csr.App.ProxyToApiServer(IHttpRequest req, IHttpResponse res, Hashtable props) in C:\Users\andre\Downloads\SIMPLEMDB1\src\Smdb.Csr\App.cs:line 114
   at Smdb.Csr.App.<ConfigureMiddleware>b__5_0(IHttpRequest req, IHttpResponse res, Hashtable props, Func`1 next) in C:\Users\andre\Downloads\SIMPLEMDB1\src\Smdb.Csr\App.cs:line 42
   at Shared.Http.HttpUtils.ParseRequestQueryString(IHttpRequest req, IHttpResponse res, Hashtable props, Func`1 next) in C:\Users\andre\Downloads\SIMPLEMDB1\SharedLibrary\src\Shared\Http\HttpUtils.cs:line 71
   at Shared.Http.HttpUtils.ParseRequestUrl(IHttpRequest req, IHttpResponse res, Hashtable props, Func`1 next) in C:\Users\andre\Downloads\SIMPLEMDB1\SharedLibrary\src\Shared\Http\HttpUtils.cs:line 60
   at Shared.Http.HttpUtils.AddResponseCorsHeaders(IHttpRequest req, IHttpResponse res, Hashtable props, Func`1 next) in C:\Users\andre\Downloads\SIMPLEMDB1\SharedLibrary\src\Shared\Http\HttpUtils.cs:line 55
   at Shared.Http.HttpUtils.CentralizedErrorHandling(IHttpRequest req, IHttpResponse res, Hashtable props, Func`1 next) in C:\Users\andre\Downloads\SIMPLEMDB1\SharedLibrary\src\Shared\Http\HttpUtils.cs:line 27

